<?xml version="1.0" encoding="UTF-8"?>
<!-- Generated by org.testng.reporters.JUnitXMLReporter -->
<testsuite hostname="Windows81" name="Test" tests="3" failures="1" timestamp="25 Jan 2020 11:01:36 GMT" time="3.753" errors="0">
  <testcase name="createData" time="2.034" classname="com.api.testScripts.PostObjectInserverTest"/>
  <testcase name="fetchAllCountries" time="1.045" classname="com.api.testScripts.GetAllCountriesTest"/>
  <testcase name="fetchEmployeeID" time="0.625" classname="com.api.testScripts.GetEmployeeIdTest">
    <failure type="java.lang.AssertionError" message="null">
      <![CDATA[java.lang.AssertionError: null
	at com.api.testScripts.GetEmployeeIdTest.fetchEmployeeID(GetEmployeeIdTest.java:18)
... Removed 26 stack frames]]>
    </failure>
  </testcase> <!-- fetchEmployeeID -->
</testsuite> <!-- Test -->
