<?xml version="1.0" encoding="UTF-8"?>
<testng-results skipped="0" failed="0" total="1" passed="1">
  <reporter-output>
  </reporter-output>
  <suite name="Default suite" duration-ms="2610" started-at="2020-01-26T06:01:21Z" finished-at="2020-01-26T06:01:24Z">
    <groups>
    </groups>
    <test name="Default test" duration-ms="2610" started-at="2020-01-26T06:01:21Z" finished-at="2020-01-26T06:01:24Z">
      <class name="RestApiPratice.BulkData">
        <test-method status="PASS" signature="postBulkdata()[pri:0, instance:RestApiPratice.BulkData@591f989e]" name="postBulkdata" duration-ms="2589" started-at="2020-01-26T11:31:21Z" finished-at="2020-01-26T11:31:24Z">
          <reporter-output>
          </reporter-output>
        </test-method> <!-- postBulkdata -->
      </class> <!-- RestApiPratice.BulkData -->
    </test> <!-- Default test -->
  </suite> <!-- Default suite -->
</testng-results>
